{"message":"select is not defined","stack":"ReferenceError: select is not defined\n    at _callee$ (/Users/sankaramukunthan/projects/chav3/api_routes/users.js:16:5)\n    at tryCatch (/Users/sankaramukunthan/projects/chav3/node_modules/babel-polyfill/node_modules/regenerator-runtime/runtime.js:65:40)\n    at Generator.invoke [as _invoke] (/Users/sankaramukunthan/projects/chav3/node_modules/babel-polyfill/node_modules/regenerator-runtime/runtime.js:303:22)\n    at Generator.prototype.(anonymous function) [as next] (/Users/sankaramukunthan/projects/chav3/node_modules/babel-polyfill/node_modules/regenerator-runtime/runtime.js:117:21)\n    at step (/Users/sankaramukunthan/projects/chav3/api_routes/users.js:3:191)\n    at /Users/sankaramukunthan/projects/chav3/api_routes/users.js:3:361\n    at <anonymous>\n    at process._tickDomainCallback (internal/process/next_tick.js:229:7)","level":"error","timestamp":"2018-12-03T08:48:20.146Z"}
{"message":"listen EADDRINUSE :::3000","stack":"Error: listen EADDRINUSE :::3000\n    at Server.setupListenHandle [as _listen2] (net.js:1360:14)\n    at listenInCluster (net.js:1401:12)\n    at Server.listen (net.js:1485:7)\n    at Function.listen (/Users/sankaramukunthan/projects/chav3/node_modules/express/lib/application.js:618:24)\n    at Object.<anonymous> (/Users/sankaramukunthan/projects/chav3/index.js:51:5)\n    at Module._compile (module.js:653:30)\n    at loader (/Users/sankaramukunthan/projects/chav3/node_modules/babel-register/lib/node.js:144:5)\n    at Object.require.extensions.(anonymous function) [as .js] (/Users/sankaramukunthan/projects/chav3/node_modules/babel-register/lib/node.js:154:7)\n    at Module.load (module.js:566:32)\n    at tryModuleLoad (module.js:506:12)\n    at Function.Module._load (module.js:498:3)\n    at Function.Module.runMain (module.js:694:10)\n    at Object.<anonymous> (/Users/sankaramukunthan/projects/chav3/node_modules/babel-cli/lib/_babel-node.js:154:22)\n    at Module._compile (module.js:653:30)\n    at Object.Module._extensions..js (module.js:664:10)\n    at Module.load (module.js:566:32)","errno":"EADDRINUSE","code":"EADDRINUSE","syscall":"listen","address":"::","port":3000,"level":"error","timestamp":"2018-12-03T09:51:21.272Z"}
{"message":"listen EADDRINUSE :::3000","stack":"Error: listen EADDRINUSE :::3000\n    at Server.setupListenHandle [as _listen2] (net.js:1360:14)\n    at listenInCluster (net.js:1401:12)\n    at Server.listen (net.js:1485:7)\n    at Function.listen (/Users/sankaramukunthan/projects/chav3/node_modules/express/lib/application.js:618:24)\n    at Object.<anonymous> (/Users/sankaramukunthan/projects/chav3/index.js:51:5)\n    at Module._compile (module.js:653:30)\n    at loader (/Users/sankaramukunthan/projects/chav3/node_modules/babel-register/lib/node.js:144:5)\n    at Object.require.extensions.(anonymous function) [as .js] (/Users/sankaramukunthan/projects/chav3/node_modules/babel-register/lib/node.js:154:7)\n    at Module.load (module.js:566:32)\n    at tryModuleLoad (module.js:506:12)\n    at Function.Module._load (module.js:498:3)\n    at Function.Module.runMain (module.js:694:10)\n    at Object.<anonymous> (/Users/sankaramukunthan/projects/chav3/node_modules/babel-cli/lib/_babel-node.js:154:22)\n    at Module._compile (module.js:653:30)\n    at Object.Module._extensions..js (module.js:664:10)\n    at Module.load (module.js:566:32)","errno":"EADDRINUSE","code":"EADDRINUSE","syscall":"listen","address":"::","port":3000,"level":"error","timestamp":"2018-12-03T09:52:15.129Z"}
{"message":"listen EADDRINUSE :::3000","stack":"Error: listen EADDRINUSE :::3000\n    at Server.setupListenHandle [as _listen2] (net.js:1360:14)\n    at listenInCluster (net.js:1401:12)\n    at Server.listen (net.js:1485:7)\n    at Function.listen (/Users/sankaramukunthan/projects/chav3/node_modules/express/lib/application.js:618:24)\n    at Object.<anonymous> (/Users/sankaramukunthan/projects/chav3/index.js:51:5)\n    at Module._compile (module.js:653:30)\n    at loader (/Users/sankaramukunthan/projects/chav3/node_modules/babel-register/lib/node.js:144:5)\n    at Object.require.extensions.(anonymous function) [as .js] (/Users/sankaramukunthan/projects/chav3/node_modules/babel-register/lib/node.js:154:7)\n    at Module.load (module.js:566:32)\n    at tryModuleLoad (module.js:506:12)\n    at Function.Module._load (module.js:498:3)\n    at Function.Module.runMain (module.js:694:10)\n    at Object.<anonymous> (/Users/sankaramukunthan/projects/chav3/node_modules/babel-cli/lib/_babel-node.js:154:22)\n    at Module._compile (module.js:653:30)\n    at Object.Module._extensions..js (module.js:664:10)\n    at Module.load (module.js:566:32)","errno":"EADDRINUSE","code":"EADDRINUSE","syscall":"listen","address":"::","port":3000,"level":"error","timestamp":"2018-12-03T09:53:27.428Z"}
{"level":"info","message":"connected to database","timestamp":"2018-12-03T09:53:27.480Z"}
{"level":"info","message":"connected to database","timestamp":"2018-12-03T09:55:26.680Z"}
{"message":"Unexpected token } in JSON at position 61","stack":"SyntaxError: Unexpected token } in JSON at position 61\n    at JSON.parse (<anonymous>)\n    at parse (/Users/sankaramukunthan/projects/chav3/node_modules/body-parser/lib/types/json.js:89:19)\n    at /Users/sankaramukunthan/projects/chav3/node_modules/body-parser/lib/read.js:121:18\n    at invokeCallback (/Users/sankaramukunthan/projects/chav3/node_modules/raw-body/index.js:224:16)\n    at done (/Users/sankaramukunthan/projects/chav3/node_modules/raw-body/index.js:213:7)\n    at IncomingMessage.onEnd (/Users/sankaramukunthan/projects/chav3/node_modules/raw-body/index.js:273:7)\n    at emitNone (events.js:106:13)\n    at IncomingMessage.emit (events.js:208:7)\n    at endReadableNT (_stream_readable.js:1064:12)\n    at _combinedTickCallback (internal/process/next_tick.js:139:11)\n    at process._tickDomainCallback (internal/process/next_tick.js:219:9)","expose":true,"statusCode":400,"status":400,"body":"{ \n\t\t\"mobilenumr\" : \"72342842940\",\n\t\t\"password\" : \"poigai\",\n\n} ","type":"entity.parse.failed","level":"error","timestamp":"2018-12-03T09:59:20.540Z"}
{"level":"info","message":"connected to database","timestamp":"2018-12-03T10:01:51.425Z"}
{"level":"info","message":"connected to database","timestamp":"2018-12-03T10:02:36.564Z"}
{"level":"info","message":"connected to database","timestamp":"2018-12-03T10:02:57.256Z"}
{"level":"info","message":"connected to database","timestamp":"2018-12-03T10:03:23.306Z"}
{"level":"info","message":"connected to database","timestamp":"2018-12-03T10:15:55.877Z"}
{"level":"info","message":"connected to database","timestamp":"2018-12-03T10:31:16.053Z"}
{"level":"info","message":"connected to database","timestamp":"2018-12-03T10:32:21.802Z"}
{"level":"info","message":"connected to database","timestamp":"2018-12-03T10:32:31.863Z"}
{"level":"info","message":"connected to database","timestamp":"2018-12-03T10:32:52.221Z"}
{"level":"info","message":"listening to port: 3020","timestamp":"2018-12-05T12:38:30.156Z"}
{"level":"info","message":"connected to database","timestamp":"2018-12-05T12:38:30.230Z"}
{"level":"info","message":"listening to port: 3020","timestamp":"2018-12-05T12:57:34.111Z"}
{"level":"info","message":"connected to database","timestamp":"2018-12-05T12:57:34.182Z"}
{"level":"info","message":"listening to port: 3020","timestamp":"2018-12-05T12:58:34.727Z"}
{"level":"info","message":"connected to database","timestamp":"2018-12-05T12:58:34.803Z"}
{"level":"info","message":"listening to port: 3020","timestamp":"2018-12-05T12:59:12.728Z"}
{"level":"info","message":"connected to database","timestamp":"2018-12-05T12:59:12.764Z"}
{"level":"info","message":"listening to port: 3020","timestamp":"2018-12-05T13:00:25.419Z"}
{"level":"info","message":"listening to port: 3020","timestamp":"2018-12-05T13:20:02.310Z"}
{"level":"info","message":"listening to port: 3020","timestamp":"2018-12-05T13:22:54.295Z"}
{"level":"info","message":"listening to port: 3020","timestamp":"2018-12-05T13:23:23.925Z"}
{"level":"info","message":"listening to port: 3020","timestamp":"2018-12-05T13:23:35.579Z"}
{"level":"info","message":"listening to port: 3020","timestamp":"2018-12-05T13:23:53.821Z"}
{"level":"info","message":"listening to port: 3020","timestamp":"2018-12-05T13:25:04.098Z"}
{"message":"Invalid connection string","stack":"MongoParseError: Invalid connection string\n    at parseConnectionString (/Users/sankaramukunthan/projects/chav3/node_modules/mongodb-core/lib/uri_parser.js:412:21)\n    at connect (/Users/sankaramukunthan/projects/chav3/node_modules/mongodb/lib/operations/mongo_client_ops.js:180:3)\n    at connectOp (/Users/sankaramukunthan/projects/chav3/node_modules/mongodb/lib/operations/mongo_client_ops.js:284:3)\n    at executeOperation (/Users/sankaramukunthan/projects/chav3/node_modules/mongodb/lib/utils.js:420:24)\n    at MongoClient.connect (/Users/sankaramukunthan/projects/chav3/node_modules/mongodb/lib/mongo_client.js:168:10)\n    at Promise (/Users/sankaramukunthan/projects/chav3/node_modules/mongoose/lib/connection.js:521:12)\n    at new Promise (<anonymous>)\n    at NativeConnection.Connection.openUri (/Users/sankaramukunthan/projects/chav3/node_modules/mongoose/lib/connection.js:518:19)\n    at Mongoose.connect (/Users/sankaramukunthan/projects/chav3/node_modules/mongoose/lib/index.js:262:15)\n    at module.exports (/Users/sankaramukunthan/projects/chav3/collection/db.js:10:6)\n    at Object.<anonymous> (/Users/sankaramukunthan/projects/chav3/index.js:14:1)\n    at Module._compile (module.js:653:30)\n    at loader (/Users/sankaramukunthan/projects/chav3/node_modules/babel-register/lib/node.js:144:5)\n    at Object.require.extensions.(anonymous function) [as .js] (/Users/sankaramukunthan/projects/chav3/node_modules/babel-register/lib/node.js:154:7)\n    at Module.load (module.js:566:32)\n    at tryModuleLoad (module.js:506:12)","name":"MongoParseError","level":"error","timestamp":"2018-12-05T13:25:04.111Z"}
{"level":"info","message":"listening to port: 3020","timestamp":"2018-12-05T13:26:42.333Z"}
{"level":"info","message":"connected to mongodb://localhost:27017/savithri","timestamp":"2018-12-05T13:26:42.369Z"}
{"level":"info","message":"listening to port: 3020","timestamp":"2018-12-05T13:28:44.750Z"}
{"level":"info","message":"connected to mongodb://localhost:27017/savithri","timestamp":"2018-12-05T13:28:44.785Z"}
{"level":"info","message":"listening to port: 3020","timestamp":"2018-12-05T13:29:21.435Z"}
{"level":"info","message":"connected to mongodb://localhost:27017/savithri","timestamp":"2018-12-05T13:29:21.476Z"}
{"level":"info","message":"listening to port: 3020","timestamp":"2018-12-05T13:29:40.484Z"}
{"level":"info","message":"connected to mongodb://localhost:27017/savithri","timestamp":"2018-12-05T13:29:40.544Z"}
{"level":"info","message":"listening to port: 3020","timestamp":"2018-12-05T13:30:00.373Z"}
{"level":"info","message":"connected to mongodb://localhost:27017/savithri","timestamp":"2018-12-05T13:30:00.417Z"}
{"level":"info","message":"listening to port: 3020","timestamp":"2018-12-05T13:30:05.863Z"}
{"level":"info","message":"connected to mongodb://localhost:27017/savithri","timestamp":"2018-12-05T13:30:05.919Z"}
{"level":"info","message":"listening to port: 3020","timestamp":"2018-12-05T13:30:54.819Z"}
{"level":"info","message":"connected to mongodb://localhost:27017/savithri","timestamp":"2018-12-05T13:30:54.857Z"}
{"level":"info","message":"listening to port: 3020","timestamp":"2018-12-05T13:31:10.239Z"}
{"level":"info","message":"connected to mongodb://localhost:27017/savithri","timestamp":"2018-12-05T13:31:10.276Z"}
{"level":"info","message":"listening to port: 3020","timestamp":"2018-12-05T13:31:46.718Z"}
{"level":"info","message":"connected to mongodb://localhost:27017/savithri","timestamp":"2018-12-05T13:31:46.753Z"}
{"level":"info","message":"listening to port: 3020","timestamp":"2018-12-05T13:33:01.582Z"}
{"level":"info","message":"connected to mongodb://localhost:27017/savithri","timestamp":"2018-12-05T13:33:01.622Z"}
{"level":"info","message":"listening to port: 3020","timestamp":"2018-12-05T13:33:37.729Z"}
{"level":"info","message":"connected to mongodb://localhost:27017/savithri","timestamp":"2018-12-05T13:33:37.766Z"}
{"level":"info","message":"listening to port: 3020","timestamp":"2018-12-05T13:46:56.200Z"}
{"level":"info","message":"connected to mongodb://localhost:27017/savithri_test","timestamp":"2018-12-05T13:46:56.231Z"}
